1438867284753;.000000;.000275
1438867284794;.000000;.007504
1438867284832;.000000;.014298
1438867284872;.000000;.021096
1438867284913;.000000;.027675
1438867284951;.000000;.033250
1438867284992;.000000;.038934
1438867285052;.000000;.047453
1438867285087;.000000;.050585
1438867285120;.000000;.052860
1438867285159;.000000;.055603
1438867285193;.001134;.056569
1438867285233;.000271;.058540
1438867285271;.000894;.058819
1438867285313;.000466;.059618
1438867285358;.000380;.059620
1438867285393;.000301;.057774
1438867285435;.000236;.056229
1438867285471;.000181;.053658
1438867285507;.000135;.050871
1438867285552;.000096;.048487
1438867285589;.000066;.045292
1438867285634;.000039;.042417
1438867285667;.000021;.038897
1438867285707;.000006;.035776
1438867285755;.000008;.032870
1438867285791;.000016;.029662
1438867285827;.000021;.026658
1438867285886;.000029;.024029
1438867285923;.000029;.021204
1438867285956;.000029;.018619
1438867285988;.000028;.016295
1438867286032;.000028;.014140
1438867286078;.000028;.012099
1438867286113;.000026;.010290
1438867286153;.000024;.080518
1438867286192;.000022;.008092
1438867286233;.000020;.006782
1438867286275;.000018;.005625
1438867286316;.000016;.004653
1438867286352;.000014;.003906
1438867286392;.000013;.003304
1438867286459;.000012;.002841
1438867286509;.000010;.002743
1438867286545;.000008;.002748
1438867286584;.000007;.002831
1438867286616;.000005;.002888
1438867286649;.000004;.002962
1438867286681;.000004;.003027
1438867286714;.000003;.003094
1438867286750;.000002;.003180
1438867286792;.000002;.003304
1438867286833;.000002;.003386
1438867286867;.000001;.003377
1438867286911;.000001;.003438
1438867286947;.000001;.003400
1438867286989;.000000;.003393
1438867287032;.000000;.003366
1438867287076;.000000;.003320
1438867287109;.000000;.003184
1438867287145;.000000;.003069
1438867287188;.000000;.002988
1438867287232;.000000;.002895
1438867287273;.001088;.003036
1438867287310;.000302;.002596
1438867287346;.000853;.002721
1438867287391;.000497;.002316
1438867287450;.000404;.079204
1438867287500;.000315;.005042
1438867287533;.000241;.004772
1438867287570;.000182;.004521
1438867287602;.000137;.004281
1438867287634;.000100;.004055
1438867287667;.000071;.003843
1438867287706;.000045;.003645
1438867287746;.000024;.003456
1438867287792;.000048;.003201
1438867287830;.000040;.003034
1438867287872;.001176;.002891
1438867287910;.000229;.002722
1438867287946;.001018;.002593
1438867287989;.000358;.002435
1438867288031;.000297;.002304
1438867288077;.000966;.002201
1438867288109;.000402;.002059
1438867288146;.000334;.001947
1438867288186;.000274;.001838
1438867288228;.000227;.001736
1438867288265;.000189;.001642
1438867288318;.000156;.001550
1438867288351;.000130;.001465
1438867288389;.000107;.001382
1438867288431;.000088;.001305
1438867288469;.000074;.001234
1438867288510;.000061;.001166
1438867288546;.000051;.001102
1438867288589;.000041;.001040
1438867288644;.000034;.000984
1438867288697;.000028;.078318
1438867288734;.000023;.005414
1438867288773;.000019;.005106
1438867288805;.000016;.004808
1438867288837;.000013;.004532
1438867288869;.000011;.004276
1438867288912;.000009;.004028
1438867288952;.000008;.003797
1438867288992;.000006;.003574
1438867289031;.000005;.003368
1438867289071;.001211;.003130
1438867289111;.000201;.002994
1438867289150;.001044;.002779
1438867289191;.000856;.002617
1438867289231;.000497;.002509
1438867289277;.000414;.002365
1438867289314;.000857;.002193
1438867289353;.000794;.001976
1438867289386;.000366;.002601
1438867289430;.013289;.003374
1438867289466;.011064;.005020
1438867289527;.009086;.006922
1438867289573;.096925;.010445
1438867289611;.066000;.014157
1438867289644;.020958;.018065
1438867289678;.003483;.023389
1438867289710;.007323;.025420
1438867289749;.064510;.029659
1438867289789;.057651;.027941
1438867289833;.022746;.026630
1438867289877;.054524;.025796
1438867289911;.018093;.025937
1438867289957;.073043;.024516
1438867289994;.013797;.023878
1438867290029;.074599;.024563
1438867290068;.041280;.024783
1438867290122;.031412;.017417
1438867290156;.077098;.019008
1438867290187;.012778;.021870
1438867290232;.009372;.018862
1438867290273;.100495;.018607
1438867290305;.051169;.020801
1438867290351;.041132;.018367
1438867290399;.016878;.014195
1438867290432;.010612;.016385
1438867290470;.011907;.017192
1438867290508;.044688;.016860
1438867290551;.046655;.016207
1438867290592;.075738;.015343
1438867290636;.010538;.014043
1438867290671;.091195;.015971
1438867290706;.095947;.017411
1438867290767;.027732;.012486
1438867290817;.020524;.013339
1438867290868;.088897;.016139
1438867290916;.104018;.019711
1438867290963;.029543;.016114
1438867290994;.058473;.018659
1438867291033;.062131;.018023
1438867291071;.077171;.019585
1438867291118;.008342;.017854
1438867291152;.075274;.177786
1438867291188;.069525;.015119
1438867291237;.004432;.010636
1438867291267;.018303;.016101
1438867291313;.098340;.013821
1438867291351;.025327;.015222
1438867291387;.048636;.016783
1438867291426;136.236620;.332069
1438867291467;24.049859;.013460
1438867291509;115.790046;.298673
1438867291549;96.068760;.383965
1438867291626;78.623363;.227198
1438867291708;63.760426;.516655
1438867322281;.000000;.000275
1438867322313;.010388;.006980
1438867322348;.028160;.008802
1438867322397;.053035;.012045
1438867322441;.069886;.018057
1438867322483;.084534;.022528
1438867322512;.086823;.021941
1438867322544;.092739;.023539
1438867322572;.096032;.024781
1438867322599;.098740;.026154
1438867322628;5.813981;.132264
1438867322659;4.826561;.119983
1438867322687;4.005780;.109209
1438867322714;3.139779;.100054
1438867322748;2.762890;.090912
1438867322793;2.287002;.082132
1438867322822;1.861969;.075441
1438867322850;1.537543;.069231
1438867322883;1.271753;.063872
1438867322915;1.186454;.058354
1438867322950;1.059745;.212965
1438867322983;.872135;.199479
1438867323019;.697344;.185969
1438867323051;.650262;.173943
1438867323084;.522605;.162700
1438867323116;.418297;.152036
1438867323150;.334214;.142314
1438867323188;.263678;.133220
1438867323224;.280176;.124438
1438867323254;.221116;.116564
1438867323283;.171564;.109201
1438867323322;.121037;.102102
1438867323355;.163513;.095506
1438867323389;.123171;.089612
1438867323418;.024511;.083793
1438867323451;.082264;.078223
1438867323485;.069871;.073293
1438867323522;.043413;.067943
1438867323551;.038274;.063607
1438867323588;.017472;.058873
1438867323621;.008708;.055143
1438867323651;.079218;.051644
1438867323682;.059047;.048355
1438867323716;.047470;.047176
1438867323754;.035651;.045732
1438867323799;.017029;.043070
1438867323828;.016032;.039942
1438867323857;.008938;.038167
1438867323888;.004648;.036016
1438867323916;.009278;.035218
1438867323952;.072336;.032365
1438867323988;.029945;.029480
1438867324021;.028498;.027933
1438867324050;.017794;.026854
1438867324082;.056855;.025255
1438867324116;.040491;.023935
1438867324150;.039969;.022046
1438867324194;.028677;.018158
1438867324222;.021236;.019039
1438867324252;.060415;.018278
1438867324283;.022473;.017041
1438867324315;.015957;.016763
1438867324350;.010334;.014848
1438867324406;.003884;.009702
1438867324452;.075992;.009115
1438867324494;.011218;.007785
1438867324524;.068750;.008738
1438867324552;.018353;.007791
1438867324581;.013599;.006671
1438867324624;.072129;.009429
1438867324663;.024566;.010817
1438867324692;.056982;.011627
1438867324720;.021965;.012257
1438867324754;.025951;.012529
1438867324789;.056017;.012493
1438867324822;.044413;.011415
1438867324850;.038808;.010062
1438867324883;.037570;.008839
1438867324917;.043775;.007636
1438867324949;.046714;.006971
1438867324997;.023845;.006564
1438867325026;.019699;.006172
1438867325055;.024068;.005743
1438867325083;.057691;.006029
1438867325117;.047592;.005667
1438867325151;.039568;.005382
1438867325189;.044412;.005354
1438867325221;.039776;.004690
1438867325249;.033062;.004462
1438867325282;.027673;.004197
1438867325316;.022833;.003940
1438867325349;.017046;.003367
1438867325387;.061271;.002767
1438867325431;.025858;.003271
1438867325476;.019494;.002790
1438867325513;.018265;.002952
1438867325542;.015152;.002715
1438867325571;.012559;.002600
1438867325599;.067278;.002776
1438867325628;.055332;.002555
1438867325656;.029440;.002739
1438867325684;.026347;.002917
1438867325716;.021744;.002733
1438867325752;.018108;.002563
1438867325811;.062289;.002749
1438867325852;.044071;.002558
1438867325896;.044126;.002416
1438867325930;.036235;.002260
1438867325964;.030082;.002115
1438867325995;.025125;.001980
1438867326024;.020713;.001849
1438867326052;.017235;.001728
1438867326082;.014422;.001616
1438867326115;.012077;.001510
1438867326156;.010034;.001409
1438867326194;.008372;.001314
1438867326222;.006886;.001222
1438867326251;.005724;.001137
1438867326290;.004782;.001058
1438867326318;.003944;.000981
1438867326348;.003282;.000910
1438867326386;.002744;.000843
1438867326417;.002264;.000779
1438867326457;.001884;.000720
1438867326484;.001576;.000664
1438867326516;.001320;.000612
1438867326552;.073558;.000958
1438867326588;.063407;.001188
1438867326632;.024073;.001451
1438867326673;.064448;.002053
1438867326717;.023144;.003312
1438867326746;.026622;.004186
1438867326775;.014747;.005001
1438867326804;.019843;.005810
1438867326832;.009044;.007563
1438867326862;.015008;.008227
1438867326889;.005069;.009853
1438867326923;.011578;.011410
1438867326968;.002184;.012850
1438867327003;.001826;.014291
1438867327032;.001509;.015635
1438867327077;.075899;.017601
1438867327113;.021586;.019078
1438867327143;.017795;.021177
1438867327172;.007363;.022190
1438867327200;.013669;.024097
1438867327228;.003896;.025952
1438867327257;.003245;.027676
1438867327285;.002718;.029323
1438867327316;.008033;.031319
1438867327349;.008407;.033427
1438867327381;.000457;.034792
1438867327423;.000376;.036999
1438867327453;.082420;.038866
1438867327482;.061286;.040948
1438867327527;.058028;.042896
1438867327558;.040693;.044723
1438867327586;.034054;.046570
1438867327616;.036196;.048280
1438867327647;.024303;.050494
1438867327682;.018463;.052354
1438867327723;.022683;.054656
1438867327753;.088027;.056196
1438867327798;.004020;.058064
1438867327827;.008948;.053575
1438867327856;.010258;.052324
1438867327884;.066159;.051691
1438867327915;.060055;.050507
1438867327956;.031593;.047364
1438867327984;.040173;.046556
1438867328016;.028200;.045204
1438867328048;.021070;.043360
1438867328082;.013184;.042086
1438867328117;.082547;.040476
1438867328149;.010883;.039032
1438867328180;.005671;.038051
1438867328227;.018782;.033812
1438867328256;.062968;.033817
1438867328290;.039927;.032213
1438867328318;.029360;.032923
1438867328349;.047623;.031631
1438867328398;.020478;.027700
1438867328443;.009504;.024222
1438867328488;.000519;.021247
1438867328516;.004185;.021871
1438867328544;.075302;.021864
1438867328572;.026983;.022741
1438867328601;.049709;.022961
1438867328627;.043820;.023878
1438867328660;.020762;.022923
1438867328694;.012952;.022033
1438867328722;.013434;.023052
1438867328757;.005090;.022292
1438867328786;.009646;.022815
1438867328827;.067558;.020111
1438867328855;.042500;.021436
1438867328882;.030027;.022949
1438867328925;.023002;.019457
1438867328953;.012934;.020387
1438867328985;.081016;.020543
1438867329020;.060015;.020500
1438867329059;.039587;.017381
1438867329087;.018022;.018739
1438867329118;.013790;.019348
1438867329152;.070346;.018774
1438867329187;.049339;.018200
1438867329221;.032176;.018120
1438867329249;.026165;.019133
1438867329286;.003130;.018262
1438867329315;.071542;.019906
1438867329348;.056019;.019212
1438867329401;.019840;.014021
1438867329442;.126560;.150698
1438867329470;.099811;.022420
1438867329498;.073605;.022977
1438867329526;.024220;.023220
1438867329553;.129697;.024577
1438867329587;.085745;.024264
1438867329615;.063042;.026023
1438867329649;.045705;.024398
1438867329681;.100268;.024668
1438867329715;.069957;.024514
1438867329747;.051526;.023915
1438867329798;.011879;.021014
1438867329828;.004365;.021364
1438867329854;.060595;.022442
1438867329882;.044202;.024033
1438867329915;.090040;.024634
1438867329947;.065996;.024066
1438867329981;.037690;.024067
1438867330016;.013622;.024058
1438867330049;.007280;.023571
1438867330080;.060608;.024272
1438867330114;.032116;.024281
1438867330149;.081935;.023811
1438867330189;.128928;.023194
1438867330221;.011865;.023860
1438867330249;.068213;.024292
1438867330283;.044678;.024494
1438867330321;.089312;.024570
1438867330349;.055305;.025177
1438867330399;.022556;.026540
1438867330428;.154621;.025303
1438867330457;.040538;.025088
1438867330485;.005908;.025336
1438867330516;8.053857;.297298
1438867330550;6.674743;.277746
1438867330597;5.591225;.258676
1438867330626;4.698922;.240914
1438867462620;.000000;.000275
1438867462678;91.447726;.151040
1438867462712;62.818827;.133420
1438867462744;45.809669;.251192
1438867462777;35.647085;.221817
1438867462827;28.207014;.189307
1438867462860;22.407877;.174078
1438867462896;18.324430;.157942
1438867462942;14.821335;.142295
1438867462981;12.174567;.130801
1438867463028;10.072765;.116856
1438867463067;8.268577;.110694
1438867463098;6.778387;.104711
1438867463139;5.617716;.098017
1438867463177;4.648822;.091683
1438867463219;3.885195;.084219
1438867463270;3.181358;.078479
1438867463301;2.642086;.073720
1438867463335;2.091677;.068907
1438867463374;1.822458;.062675
1438867463422;1.424152;.054999
1438867463464;1.265441;.055607
1438867463497;1.034496;.051828
1438867463545;.776751;.047512
1438867463575;.733199;.043010
1438867463621;.612810;.039828
1438867463663;.521442;.037062
1438867463695;.376134;.035214
1438867463734;.387135;.033732
1438867463774;.265708;.032574
1438867463822;.204622;.030878
1438867463857;.166517;.028903
1438867463897;.194346;.026742
1438867463941;.087726;.025018
1438867463978;.145030;.023297
1438867464020;.046968;.022091
1438867464063;.055987;.021131
1438867464094;.118973;.020053
1438867464135;.099380;.018915
1438867464175;.082051;.017820
1438867464220;.020554;.016467
1438867464261;.016878;.015506
1438867464301;.014009;.014617
1438867464341;.060005;.013902
1438867464399;.049694;.013101
1438867464437;.014979;.012411
1438867464467;.012313;.011693
1438867464501;.010236;.011026
1438867464541;.024500;.010187
1438867464579;.052050;.009749
1438867464619;.043398;.009199
1438867464663;.035765;.008670
1438867464698;.029737;.008179
1438867464740;.048087;.007577
1438867464780;.039681;.007145
1438867464822;.033022;.006743
1438867464861;.027117;.006355
1438867464901;.022508;.005997
1438867464940;.054068;.005812
1438867464981;.027284;.005333
1438867465021;.006361;.005230
1438867465061;.021340;.004736
1438867465101;.001412;.004665
1438867465139;.017572;.004212
1438867465179;.057370;.004133
1438867465218;.047720;.003904
1438867465261;.039167;.003684
1438867465302;.032499;.003480
1438867465342;.045718;.003131
1438867465382;.037688;.002956
1438867465426;.031341;.002794
1438867465461;.045883;.002804
1438867465501;.038074;.002651
1438867465541;.031751;.002509
1438867465581;.026197;.002372
1438867465621;.021789;.002245
1438867465659;.017883;.002123
1438867465695;.014841;.002010
1438867465736;.012378;.001904
1438867465777;.061638;.001633
1438867465821;.021301;.001721
1438867465864;.017480;.001630
1438867465901;.014505;.001546
1438867465940;.012099;.001467
1438867465980;.009980;.001392
1438867466038;.009573;.001560
1438867466076;.007859;.001480
1438867466106;.006523;.001407
1438867466141;.004160;.001100
1438867466182;.019492;.001222
1438867466221;.000005;.000987
1438867466256;.015999;.001112
1438867466296;.002903;.000886
1438867466339;.002421;.000847
1438867466381;.015439;.001206
1438867466427;.011441;.000919
1438867466461;.005347;.000984
1438867466501;.004436;.000941
1438867466544;.012686;.001025
1438867466582;.010458;.000978
1438867466625;.008696;.000934
1438867466660;.007137;.000893
1438867466701;.004528;.000619
1438867466757;.005082;.000833
1438867466801;.004209;.000797
1438867466831;.003509;.000765
1438867466863;.002891;.000734
1438867466894;.002404;.000705
1438867466934;.002008;.000678
1438867466974;.001657;.000652
1438867467027;.001378;.000628
1438867467060;.001131;.000606
1438867467100;.000939;.000585
1438867467139;.000783;.000565
1438867467178;.000737;.000295
1438867467219;.000784;.000547
1438867467256;.000643;.000530
1438867467296;.000533;.000514
1438867467340;.000445;.000499
1438867467380;.000367;.000485
1438867467418;.000305;.000471
1438867467455;.000250;.000459
1438867467499;.000207;.000447
1438867467545;.000173;.000436
1438867467580;.000143;.000426
1438867467622;.000119;.000417
1438867467656;.016012;.000681
1438867467696;.013283;.000652
1438867467736;.011074;.000624
1438867467777;.007034;.000778
1438867467824;.005847;.000741
1438867467855;.011508;.000897
1438867467894;.009348;.001050
1438867467947;.007781;.000997
1438867467979;.063330;.001294
1438867468021;.068969;.001604
1438867468061;.056572;.001517
1438867468100;.046926;.001437
1438867468137;.039137;.001957
1438867468181;.032265;.001848
1438867468219;.043480;.001951
1438867468261;.052334;.002361
1438867468306;.013898;.002574
1438867468336;.026762;.002978
1438867468374;.022055;.002813
1438867468419;.018337;.003227
1438867468466;.015042;.003617
1438867468502;.012797;.003752
1438867468538;.010356;.003721
1438867468579;.025021;.003691
1438867468619;.076553;.003693
1438867468660;.007808;.003830
1438867468699;.010132;.003996
1438867468740;.008448;.004361
1438867468779;.009515;.004312
1438867468819;.064924;.004599
1438867468859;.053255;.004927
1438867468898;.029310;.005512
1438867468934;.048221;.006095
1438867468974;.039720;.006314
1438867469014;.039040;.006498
1438867469055;.015911;.006505
1438867469094;.060400;.006865
1438867469134;.050357;.007060
1438867469174;.025342;.006851
1438867469219;.019554;.007190
1438867469259;.032254;.007166
1438867469303;.026745;.007353
1438867469335;.096114;.007862
1438867469378;.063166;.008009
1438867469438;.052473;.008161
1438867469483;.059273;.008706
1438867469514;.049175;.009151
1438867469545;.039464;.009559
1438867469575;.016073;.009207
1438867469632;.103756;.009014
1438867469663;.013882;.008632
1438867469703;.011516;.008141
1438867469734;.009611;.007684
1438867469790;.007920;.007244
1438867469832;.006323;.007029
1438867469862;.005447;.006431
1438867469901;.004520;.006067
1438867469940;.003769;.006312
1438867469974;.074610;.005823
1438867470020;.010184;.006217
1438867470060;.007970;.006258
1438867470099;.006611;.006508
1438867470139;.066573;.007183
1438867470180;.054846;.007369
1438867470220;.026615;.007078
1438867470266;.050776;.007394
1438867470296;.042126;.007566
1438867470334;.035149;.008346
1438867470374;.027589;.009189
1438867470418;.022935;.010226
1438867470460;.107796;.011952
1438867470509;.089368;.014028
1438867470539;.147201;.016646
1438867470603;.121283;.020026
1438867470650;.100805;.023826
1438867470692;.156636;.027954
1438867470726;.200408;.032883
1438867470756;.184275;.037951
1438867470785;.263878;.041159
1438867470815;.289185;.045726
1438867470854;.304287;.050801
1438867470901;.229486;.052158
1438867470933;.321426;.056756
1438867470973;.181639;.059904
1438867471013;.299288;.063502
1438867471057;.215102;.067391
1438867471100;.056973;.068610
1438867471136;.099532;.072274
1438867471178;.059391;.074415
1438867471220;.045065;.078045
1438867471258;.064777;.081752
1438867471300;.035545;.084336
1438867471336;.046353;.088351
1438867471373;.055774;.092337
1438867471412;.033147;.096175
1438867471461;.043203;.098949
1438867471502;.070415;.102236
1438867471533;.030747;.107358
1438867471572;.015871;.111196
1438867471613;.004715;.114975
1438867471660;.070791;.118083
1438867471694;.010026;.122006
1438867471740;.046394;.125446
1438867471772;.027410;.130156
1438867471820;.119421;.132816
1438867471857;.023585;.137508
1438867471897;.080642;.141107
1438867471945;.058335;.144058
1438867471974;.035184;.148791
1438867472012;.004045;.152283
1438867472053;.050817;.156011
1438867472091;.020892;.159560
1438867472132;.066901;.162666
1438867472171;.043043;.166006
1438867472227;.170768;.167713
1438867472271;.054270;.169999
1438867472300;.033213;.174289
1438867472331;.000955;.178741
1438867472376;.001590;.179720
1438867472416;.019839;.181018
1438867472456;.010110;.181607
1438867472496;.014532;.182597
1438867472532;.007688;.183337
1438867472571;.025139;.183439
1438867472611;.051367;.183025
1438867472651;.102822;.183092
1438867472694;.010570;.182292
1438867472735;.013773;.181026
1438867472777;.059151;.178665
1438867472817;.045369;.176627
1438867472858;.031045;.174029
1438867472897;.026680;.171116
1438867472938;.071601;.167858
1438867472983;.108419;.164390
1438867473018;.045730;.161499
1438867473053;.031977;.158364
1438867473092;.038651;.154552
1438867473133;.058023;.151624
1438867473174;.009939;.149796
1438867473221;.053601;.147793
1438867473253;.020020;.146442
1438867473294;.068626;.146194
1438867473339;.023947;.145737
1438867473388;.055392;.144885
1438867473431;.094595;.145895
1438867473460;122.583320;.172746
1438867473495;100.867365;.158959
1438867473537;83.695913;.149628
1438867473579;68.450054;.145605
1438867473616;56.594364;.141204
1438867473659;46.947914;.141074
1438867473699;38.446369;.147787
1438867473738;31.720298;.155203
1438867490338;.000000;.000275
1438867490374;.000000;.024679
1438867490409;.000000;.046459
1438867490438;.121887;.077321
1438867490470;.190843;.101461
1438867490507;.267170;.125948
1438867490537;.300568;.145228
1438867490575;.360313;.166930
1438867490623;.418537;.190264
1438867490664;.452983;.210254
1438867490706;.487770;.228276
1438867490732;.461757;.237338
1438867490757;.445961;.246372
1438867490783;.438483;.254979
1438867490810;.436089;.264682
1438867490839;.428318;.272971
1438867490872;.436986;.282068
1438867490905;67.418552;.174347
1438867490938;55.596509;.182051
1438867490976;46.355773;.187478
1438867491010;38.716627;.189199
1438867491039;31.997144;.189968
1438867491078;26.687230;.188174
1438867491107;22.371150;.186434
1438867491144;18.407018;.181951
1438867491176;15.389390;.178062
1438867491210;12.811671;.173555
1438867491240;10.621155;.169124
1438867491274;8.781622;.164086
1438867491307;7.380577;.158652
1438867491338;6.042370;.154217
1438867491376;5.057313;.148267
1438867491411;4.261523;.142790
1438867491441;3.474536;.138903
1438867491473;2.935262;.134404
1438867491506;2.427017;.129362
1438867491540;2.041469;.125077
1438867491579;1.610625;.119438
1438867491607;1.326256;.115934
1438867491641;1.114565;.111499
1438867491680;.986737;.106509
1438867491707;.784373;.103859
1438867491740;.667324;.079042
1438867491798;.499286;.069492
1438867491831;.424031;.063618
1438867491859;.313814;.057988
1438867491887;.270994;.052760
1438867491915;.200064;.048449
1438867491943;.218915;.044946
1438867491979;.151617;.040530
1438867492012;.122810;.036245
1438867492042;.129702;.033320
1438867492074;.073865;.030160
1438867492107;.072477;.026923
1438867492140;.071288;.023806
1438867492177;.019884;.020629
1438867492217;.031825;.016604
1438867492245;.008122;.015086
1438867492277;.009921;.012970
1438867492312;.025093;.010783
1438867492341;.015160;.011651
1438867492377;.036834;.010995
1438867492407;.013657;.010771
1438867492441;.043007;.011495
1438867492474;.041506;.011775
1438867492507;.055647;.012627
1438867492540;.041872;.015252
1438867492579;.025597;.016701
1438867492614;.070062;.018417
1438867492656;.062390;.022268
1438867492684;.098944;.025374
1438867492712;.082855;.027906
1438867492742;.068438;.030300
1438867492792;.056980;.032564
1438867492831;.092389;.034856
1438867492859;.076716;.036844
1438867492887;.064112;.038746
1438867492916;.101033;.040973
1438867492943;.083745;.042622
1438867492983;.116162;.044406
1438867493012;.096921;.045996
1438867493040;.136161;.047643
1438867493073;.114346;.049144
1438867493107;.095729;.050382
1438867493145;.171413;.051481
1438867493180;.095716;.052762
1438867493213;.126537;.054001
1438867493245;.105385;.055099
1438867493275;.087790;.055969
1438867493311;.119902;.057028
1438867493346;.145238;.058137
1438867493379;.121394;.059135
1438867493417;.101553;.059808
1438867493445;.129663;.060572
1438867493474;.117895;.061228
1438867493507;.145183;.061993
1438867493553;.166383;.062218
1438867493585;.092360;.063094
1438867493615;.123448;.063851
1438867493643;.148648;.063973
1438867493674;.133424;.064439
1438867493717;.102173;.065526
1438867493744;.130976;.065553
1438867493779;.109013;.065929
1438867493814;.147032;.066526
1438867493842;.158120;.066393
1438867493873;.131703;.066621
1438867493908;.166626;.066881
1438867493947;.137576;.067027
1438867493980;.114579;.067217
1438867494011;.134094;.067340
1438867494041;.165425;.067272
1438867494081;.137757;.067445
1438867494109;.115309;.067043
1438867494140;.149928;.066884
1438867494178;.069622;.067100
1438867494215;.104618;.066914
1438867494245;.141127;.066767
1438867494276;.109349;.066794
1438867494307;.146962;.066748
1438867494345;.121321;.066291
1438867494379;.147794;.066432
1438867494410;.123898;.066326
1438867494442;.147748;.066215
1438867494475;.124145;.066287
1438867494507;.150377;.066147
1438867494542;.132506;.065973
1438867494579;.148875;.066133
1438867494614;.170826;.066123
1438867494642;.149463;.065829
1438867494673;.116008;.066326
1438867494710;.105579;.066108
1438867494741;.179491;.065946
1438867494783;.149318;.065711
1438867494811;.164016;.066059
1438867494845;.143514;.065769
1438867494876;.119528;.065821
1438867494905;.146470;.065698
1438867494939;.120896;.065705
1438867494994;.108717;.065482
1438867495039;.173056;.065314
1438867495083;.189562;.065555
1438867495127;.166694;.069895
1438867495157;.183173;.069842
1438867495193;.198450;.070425
1438867495221;.165986;.070833
1438867495263;.137015;.071123
1438867495292;.161022;.071841
1438867495320;.182061;.072723
1438867495347;.186450;.072182
1438867495378;.142520;.072343
1438867495413;.151979;.072285
1438867495443;.137763;.070634
1438867495473;.135378;.070624
1438867495506;.130508;.070258
1438867495545;.108603;.068604
1438867495573;.106955;.068503
1438867495610;.103158;.067847
1438867495640;.069073;.065790
1438867495674;.045325;.064799
1438867495706;.074624;.064032
1438867495744;.005874;.062003
1438867495776;.027903;.061632
1438867495808;.008272;.061385
1438867495842;.010538;.060857
1438867495873;.009032;.060682
1438867495908;.041880;.060020
1438867495945;.080744;.059670
1438867495989;.083461;.058737
1438867496017;.040031;.059811
1438867496048;.020905;.060554
1438867496076;.049064;.062061
1438867496106;.019909;.063785
1438867496144;.027302;.063728
1438867496178;.077357;.064675
1438867496207;.099322;.066585
1438867496245;.060076;.067064
1438867496280;.110271;.068047
1438867496310;.085677;.069826
1438867496345;.092042;.070553
1438867496374;.076705;.072874
1438867496414;.103797;.073789
1438867496448;.120854;.074860
1438867496476;.106547;.077096
1438867496507;.070115;.078625
1438867496540;.089954;.080416
1438867496592;.179782;.080530
1438867496620;.118044;.082957
1438867496648;.165993;.084736
1438867496678;.117049;.086659
1438867496705;.063446;.089098
1438867496739;.110436;.090356
1438867496775;.109752;.092328
1438867496821;.199501;.092662
1438867496860;.205738;.094347
1438867496888;.205534;.096356
1438867496916;.112867;.098334
1438867496945;.139219;.101040
1438867496977;.127459;.102691
1438867497012;.133286;.104473
1438867497041;.113662;.106658
1438867497074;.114903;.108474
1438867497106;.158992;.110278
1438867497143;.146924;.111543
1438867497179;.218501;.112936
1438867497215;.187184;.115042
1438867497248;.209171;.116538
1438867497277;.200007;.118370
1438867497307;.196727;.120785
1438867497339;.210999;.122416
1438867497372;.182899;.124563
1438867497407;.165723;.126565
1438867497447;.254528;.128294
1438867497475;.199669;.130354
1438867497505;.168579;.132583
1438867497539;.229312;.134968
1438867497573;.182611;.136354
1438867497607;.288149;.138674
1438867497649;.170928;.139170
1438867497677;.126959;.142004
1438867497709;.018226;.145346
1438867497739;.060768;.148661
1438867497790;.258978;.149104
1438867497834;.292315;.150740
1438867497861;.291616;.152726
1438867497890;.213919;.154596
1438867497918;.186037;.156375
1438867497946;.158260;.158177
1438867497979;.185974;.159254
1438867498012;.195640;.160684
1438867498039;.168777;.162876
1438867498073;.191174;.163380
1438867498106;81.619516;.165335
1438867498139;13.266780;.032739
1438867498180;10.937701;.046828
1438867498209;72.825213;.116809
1438867498242;20.840866;.079543
1438867498273;17.200555;.091181
1438867498306;14.315804;.101884
1438867498339;12.007533;.111010
1438867498377;9.865544;.119855
1438867498410;8.163109;.126785
1438867498439;6.828427;.132294
1438867498473;76.938435;.034755
1438867498504;64.292191;.017369
1438867498542;53.105358;.020873
1438867498575;44.365628;.039882
1438867498606;37.310288;.063903
1438867498639;31.460394;.089436
1438867498671;26.376000;.114285
1438867498708;22.283140;.141168
1438867498739;18.908960;.165804
1438867518177;.000000;.000275
1438867518215;.009981;.038562
1438867518243;.019105;.074532
1438867518273;.028529;.108999
1438867518307;.038304;.143546
1438867518341;135.378485;.354304
1438867518380;109.934803;.336049
1438867518408;88.987243;.319902
1438867518440;73.108039;.299189
1438867518473;60.640663;.279316
1438867518507;49.689798;.261382
1438867518540;41.244277;.243222
1438867518577;34.371534;.224965
1438867518613;28.304894;.209790
1438867518641;23.599574;.198700
1438867518678;19.716870;.183448
1438867518705;16.253582;.176550
1438867518740;13.510835;.164860
1438867518778;11.279505;.152012
1438867518807;9.308714;.146178
1438867518839;7.735817;.138297
1438867518871;6.538146;.130174
1438867518905;5.390658;.123199
1438867518938;4.552881;.116194
1438867518975;3.717379;.107241
1438867519010;3.055795;.100272
1438867519040;2.618366;.096223
1438867519072;2.179790;.091278
1438867519104;1.777732;.086613
1438867519138;1.552498;.081658
1438867519176;1.284531;.075824
1438867519205;1.049279;.073634
1438867519238;.861222;.070031
1438867519271;.708186;.066696
1438867519305;.570446;.062353
1438867519340;.468675;.058457
1438867519376;.446722;.054670
1438867519425;.270959;.042487
1438867519465;.283210;.037623
1438867519508;.288568;.029965
1438867519550;.220022;.024450
1438867519583;.091160;.024105
1438867519610;.138259;.044254
1438867519640;.023942;.045059
1438867519671;.090177;.044888
1438867519705;.132068;.042375
1438867519739;.016485;.040496
1438867519779;.071038;.036064
1438867519806;.044900;.038006
1438867519839;.054474;.037113
1438867519872;.013075;.036715
1438867519908;.074046;.033803
1438867519944;.036951;.031519
1438867519974;.013328;.033013
1438867520010;.068179;.030828
1438867520039;.041281;.032576
1438867520072;.016825;.032870
1438867520105;.077901;.032347
1438867520138;.041169;.032031
1438867520176;.013718;.029817
1438867520216;.012388;.027053
1438867520256;.044839;.024858
1438867520282;.054176;.027612
1438867520310;.023231;.029590
1438867520345;.000069;.028836
1438867520378;.025961;.028776
1438867520414;.040547;.028152
1438867520445;.086253;.029270
1438867520472;.020375;.031918
1438867520509;.037581;.030783
1438867520539;.036360;.032230
1438867520572;.087678;.032400
1438867520617;.036604;.028239
1438867520658;.107679;.027399
1438867520701;.065470;.027508
1438867520734;.047639;.027835
1438867520766;.019221;.027843
1438867520794;.068944;.028192
1438867520820;.034160;.029699
1438867520847;.040610;.032033
1438867520873;.089738;.034405
1438867520904;.057555;.035351
1438867520937;.029697;.035767
1438867520975;.086362;.033495
1438867521021;.035632;.029891
1438867521058;.025560;.029662
1438867521083;.083549;.133138
1438867521108;.055851;.123994
1438867521135;.018590;.116131
1438867521175;.146548;.107606
1438867521208;.045998;.099950
1438867521236;.039300;.093179
1438867521269;.088929;.086742
1438867521305;.055702;.079844
1438867521339;.168608;.074449
1438867521374;144.527823;.230866
1438867521405;121.138416;.225212
1438867521436;100.186628;.225240
1438867521468;83.528304;.231199
1438867521501;69.968026;.239600
1438867521538;57.838881;.249301
1438867521569;48.209810;.256967
1438867521602;40.380429;.267201
1438867521635;33.378695;.274329
1438867521667;27.823299;.282217
1438867524467;.000000;.000275
1438867524501;.000000;.027129
1438867524535;.147200;.071017
1438867524568;.258778;.109464
1438867524601;.358184;.146397
1438867524635;.488633;.186068
1438867524669;.593518;.224079
1438867524700;.670794;.257824
1438867524734;.784391;.294536
1438867524773;.911305;.333779
1438867524821;1.091648;.382048
1438867524846;1.087468;.408190
1438867524871;1.093001;.434694
1438867524903;1.153402;.467516
1438867524941;1.295773;.507954
1438867524979;1.400688;.546224
1438867525004;1.385720;.570858
1438867525037;146.806850;.676801
1438867525069;122.152686;.704359
1438867525103;102.226577;.727985
1438867525134;84.264202;.742974
1438867525169;70.138379;.752072
1438867525207;58.744233;.754393
1438867525237;48.472716;.750913
1438867525269;40.164134;.743253
1438867525302;33.701644;.732244
1438867525337;27.871997;.717529
1438867525373;22.937531;.702428
1438867525402;19.321899;.689862
1438867525438;15.810762;.671898
1438867525471;13.065160;.656553
1438867525504;10.990249;.641745
1438867525535;8.976533;.627085
1438867525575;7.425635;.607505
1438867525614;6.018887;.589831
1438867525654;4.888736;.570659
1438867525680;4.036956;.562894
1438867525707;3.487599;.556292
1438867525736;2.897216;.546630
1438867525776;2.142424;.529361
1438867525805;2.005504;.522450
1438867525839;1.309915;.511159
1438867525870;1.236386;.504012
1438867525905;.827629;.494646
1438867525937;.605703;.487021
1438867525972;.376969;.478551
1438867526003;.115618;.473979
1438867526038;.245727;.465746
1438867526070;.487669;.460806
1438867526106;138.867132;.298347
1438867526136;114.100127;.288842
1438867526184;94.119808;.252593
1438867526209;78.314221;.262101
1438867541747;.000000;.000275
1438867541791;.006548;.042192
1438867541831;68.827848;.122180
1438867541871;50.506324;.113383
1438867541911;39.065319;.098837
1438867541975;30.524771;.144469
1438867542016;56.206664;.144783
1438867542056;45.879944;.152835
1438867542096;44.222339;.166098
1438867542135;36.472805;.320146
1438867542174;29.682846;.163830
1438867542214;24.561832;.164248
1438867542253;20.419160;.162356
1438867542291;16.843825;.158662
1438867542330;13.939677;.154397
1438867542368;11.632652;.149450
1438867542407;9.647323;.144084
1438867542446;8.008769;.138252
1438867542484;6.582792;.132805
1438867542522;5.485854;.127118
1438867542559;4.630159;.122029
1438867542597;3.779695;.117168
1438867542635;3.197321;.112173
1438867542673;2.613057;.106886
1438867542709;2.190420;.102255
1438867542746;1.833286;.097698
1438867542782;1.470959;.093417
1438867542821;1.275249;.088505
1438867542862;1.009552;.082722
1438867542902;.883997;.079687
1438867542943;.758629;.075794
1438867542982;.611401;.071789
1438867543022;.512776;.068336
1438867543062;.448975;.064278
1438867543102;.421022;.061168
1438867543141;.292095;.057942
1438867543181;.289946;.054940
1438867543221;.290345;.051586
1438867543257;.215959;.048417
1438867543296;.181728;.046392
1438867543336;.154049;.042895
1438867543379;.158803;.040090
1438867543421;.151023;.037314
1438867543462;.159164;.033801
1438867543502;.133114;.031956
1438867543542;.127954;.029036
1438867543604;.135131;.028904
1438867543645;.082459;.028385
1438867543681;.112705;.026784
1438867543717;.093410;.025377
1438867543753;.123840;.023583
1438867543788;.102312;.021415
1438867543823;.022821;.019515
1438867543860;.064982;.018359
1438867543901;.008350;.017374
1438867543939;.006948;.016606
1438867543981;.050781;.015801
1438867544018;.003437;.014986
1438867544063;.002865;.014149
1438867544099;.042851;.013263
1438867544135;.010039;.012371
1438867544175;.008234;.011662
1438867544220;.006829;.010468
1438867544260;.005691;.010426
1438867544301;.004693;.009836
1438867544344;.003901;.009288
1438867544382;.003200;.008759
1438867544420;.043959;.008341
1438867544460;.036654;.007882
1438867544500;.030217;.007438
1438867544538;.025126;.007027
1438867544580;.020608;.006630
1438867544618;.029519;.006193
1438867544664;.024596;.005857
1438867544701;.020282;.005532
1438867544735;.016865;.005230
1438867544778;.032256;.005008
1438867544820;.026752;.004734
1438867544863;.022290;.004479
1438867544898;.027866;.004166
1438867544935;.023169;.003400
1438867544980;.018998;.003759
1438867545017;.015757;.003558
1438867545057;.013138;.003371
1438867545096;.010828;.003190
1438867545140;.037709;.003089
1438867545180;.015157;.002857
1438867545216;.012572;.002708
1438867545256;.010483;.002569
1438867545298;.008639;.002435
1438867545341;.007181;.002311
1438867545380;.005889;.002191
1438867545443;.041678;.002145
1438867545492;.034111;.001501
1438867545528;.028252;.001962
1438867545570;.023528;.001864
1438867545605;.026837;.001712
1438867545639;.022309;.001629
1438867545674;.018642;.001552
1438867545709;.015388;.000931
1438867545744;.012809;.001442
1438867545780;.035614;.001430
1438867545820;.029557;.001362
1438867545855;.024664;.001299
1438867545898;.020329;.001238
1438867545936;.029825;.001133
1438867545978;.024906;.001085
1438867546018;.020570;.001038
1438867546060;.017119;.000995
1438867546101;.014057;.000404
1438867546143;.011667;.000394
1438867546181;.009558;.000943
1438867546217;.038655;.000949
1438867546257;.014652;.000867
1438867546300;.012054;.000832
1438867546340;.010018;.000800
1438867546379;.008365;.000226
1438867546419;.006907;.000776
1438867546456;.005748;.000748
1438867546499;.004719;.000720
1438867546541;.003917;.000165
1438867546599;.003208;.000705
1438867546646;.002658;.000680
1438867546682;.002175;.000656
1438867546717;.001801;.000634
1438867546752;.001501;.000613
1438867546787;.044974;.000636
1438867546822;.037375;.000614
1438867546860;.015749;.000558
1438867546900;.012976;.000542
1438867546940;.010794;.000526
1438867546980;.009017;.000138
1438867547016;.007449;.000533
1438867547056;.006200;.000519
1438867547101;.005091;.000139
1438867547136;.004227;.000527
1438867547180;.003525;.000513
1438867547220;.043372;.000534
1438867547260;.010665;.000487
1438867547300;.008753;.000475
1438867547344;.007262;.000464
1438867547380;.006057;.000453
1438867547421;.004997;.000443
1438867547461;.042582;.000470
1438867547501;.011168;.000425
1438867547540;.037362;.000450
1438867547581;.015741;.000409
1438867547621;.012966;.079832
1438867547661;.010784;.005040
1438867547701;.008850;.004762
1438867547740;.007344;.004505
1438867547782;.006123;.003645
1438867547821;.041220;.004032
1438867547861;.012453;.003856
1438867547901;.010220;.003647
1438867547944;.008479;.002833
1438867547980;.007072;.003309
1438867548020;.005834;.002513
1438867548061;.004852;.002386
1438867548101;.003982;.002882
1438867548141;.003304;.002733
1438867548180;.002755;.002594
1438867548221;.002273;.001839
1438867548261;.001890;.001750
1438867548301;.001551;.002283
1438867548341;.001287;.002168
1438867548384;.001073;.001440
1438867548420;.000885;.001993
1438867548461;.000736;.001895
1438867548501;.045506;.001773
1438867548543;.037753;.001687
1438867548600;.015101;.001632
1438867548639;.012511;.001553
1438867548674;.010428;.001481
1438867548709;.008593;.000790
1438867548743;.007144;.001382
1438867548781;.005969;.001319
1438867548820;.041392;.001237
1438867548860;.034449;.001182
1438867548900;.017850;.001153
1438867548940;.031824;.001080
1438867548979;.020365;.001058
1438867549020;.016779;.001012
1438867549062;.013954;.000970
1438867549100;.011451;.000930
1438867549140;.009501;.000892
1438867549201;.007778;.000856
1438867549239;.040111;.000808
1438867549274;.013437;.000793
1438867549309;.011054;.000763
1438867549365;.009183;.000735
1438867549402;.007531;.000708
1438867549438;.040361;.000675
1438867549473;.013239;.000661
1438867549508;.010897;.000027
1438867549543;.009063;.000037
1438867549580;.007573;.000668
1438867549621;.006252;.000645
1438867549670;.005202;.000624
1438867549723;.041860;.000602
1438867549780;.034717;.000583
1438867549834;.017586;.000571
1438867549875;.014576;.000554
1438867549910;.034076;.000535
1438867549945;.018327;.000730
1438867549980;.015281;.001838
1438867550021;.028457;.003689
1438867550061;.024100;.006041
1438867550101;.064856;.009236
1438867550141;.053219;.013217
1438867550180;.044957;.017755
1438867550222;.008619;.021648
1438867550262;.038402;.025826
1438867550300;.015824;.028817
1438867550340;.013127;.031735
1438867550383;.012004;.034086
1438867550422;.008851;.035013
1438867550461;.007359;.035705
1438867550501;.038717;.035334
1438867550541;.049431;.033771
1438867550581;.040328;.031411
1438867550620;.063542;.028388
1438867550659;.006109;.025916
1438867550701;.005011;.023762
1438867550743;.012276;.022309
1438867550780;.036517;.021236
1438867550820;.016028;.020413
1438867550860;.003145;.019933
1438867550901;.002580;.018757
1438867550943;.002140;.017669
1438867550982;.001784;.016654
1438867551020;.047726;.015266
1438867551060;.007041;.014179
1438867551100;.005775;.013966
1438867551139;.025831;.014065
1438867551174;.071111;.015134
1438867551223;.029771;.017310
1438867551261;.008724;.020210
1438867551320;.051671;.023745
1438867551358;.060347;.027729
1438867551393;.034251;.032747
1438867551428;.085118;.029894
1438867551463;.069829;.031962
1438867551499;.053224;.031323
1438867551558;.085456;.026680
1438867551597;.084007;.027712
1438867551631;.050620;.027688
1438867551666;.037544;.028677
1438867551700;.027647;.029934
1438867551739;.019287;.029908
1438867551793;.010978;.025040
1438867551839;.055027;.024356
1438867551874;.064863;.023611
1438867551908;.039345;.023751
1438867551942;.034930;.022346
1438867551979;.031646;.019264
1438867552019;.088491;.022151
1438867552060;.057862;.020905
1438867552099;.094991;.018809
1438867552139;.078007;.018483
1438867552179;.081414;.015985
1438867552219;.112994;.013384
1438867552259;.030702;.011706
1438867552299;.025608;.011035
1438867552339;.021132;.010396
1438867552400;.017561;.010426
1438867552441;.001402;.010510
1438867552474;.045331;.010112
1438867552508;.007037;.009240
1438867552541;.005834;.008704
1438867552579;.004865;.007576
1438867552619;.004008;.007157
1438867552659;.003331;.006724
1438867552699;.033485;.006556
1438867552739;.018537;.006492
1438867552781;.000617;.006218
1438867552820;.000507;.005854
1438867552859;.000421;.005517
1438867552898;.000351;.005203
1438867552938;.000289;.004902
1438867552982;.000241;.004622
1438867553019;.000198;.004353
1438867553060;.000164;.004129
1438867553099;.000137;.003871
1438867553139;.000113;.003648
1438867553179;.000094;.003441
1438867553219;.000077;.003241
1438867553259;.000064;.003078
1438867553298;.000053;.002901
1438867553338;.000044;.002733
1438867553378;.000037;.002572
1438867553418;.000030;.002428
1438867553459;.000025;.002292
1438867553500;.000021;.002164
1438867553539;.000017;.002038
1438867553579;.000014;.001934
1438867553618;.000012;.001825
1438867553658;.045578;.001528
1438867553698;.007829;.001642
1438867553739;.006437;.001539
1438867553778;.005354;.001474
1438867553818;.004393;.001393
1438867553858;.003645;.001318
1438867553899;.003039;.001226
1438867553940;.002507;.001191
1438867553979;.002085;.001129
1438867554020;.001711;.001033
1438867554059;.001419;.000973
1438867554098;.001184;.000987
1438867554142;.000976;.000938
1438867554179;.000812;.000893
1438867554219;.000666;.000780
1438867554260;.000553;.000824
1438867554299;.000461;.000697
1438867554344;.000380;.000766
1438867554379;.000316;.000733
1438867554420;.000260;.000701
1438867554458;.000215;.000671
1438867554499;.000180;.000538
1438867554540;.000148;.000637
1438867554579;.000123;.000612
1438867554619;.000101;.000589
1438867554666;.000084;.000567
1438867554700;.000070;.000547
1438867554739;.000058;.000528
1438867554778;.000048;.000510
1438867554818;.000039;.000494
1438867554859;.000033;.000365
1438867554898;.000027;.000488
1438867554938;.000022;.000474
1438867554978;.000019;.000460
1438867555019;.000015;.000448
1438867555059;.000013;.000303
1438867555099;.000011;.000142
1438867555139;.000009;.000469
1438867555179;.000007;.000457
1438867555219;.000006;.000255
1438867555258;.000005;.000463
1438867555298;.000004;.000451
1438867555338;.000003;.000227
1438867555378;.000003;.000459
1438867555419;.000002;.000448
1438867555458;.000002;.000437
1438867555499;.000002;.000428
1438867555539;.000001;.000419
1438867555579;.000001;.000410
1438867555620;.000001;.000402
1438867555660;.000001;.000394
1438867555698;.000001;.000387
1438867555738;.000001;.000381
1438867555780;.000000;.000374
1438867555820;.000000;.000368
1438867555859;.000000;.000363
1438867555899;.000000;.000358
1438867555939;.000000;.000353
1438867555979;.000000;.000222
1438867556019;.000000;.000196
1438867556059;.000000;.000398
1438867556098;.000000;.000177
1438867556138;.000000;.000155
1438867556178;.000000;.000436
1438867556218;.000000;.000140
1438867556259;.000000;.000449
1438867556299;.000000;.000128
1438867556338;.000000;.000459
1438867556379;.000000;.000449
1438867556419;.000000;.000123
1438867556459;.000000;.000460
1438867556498;.000000;.000450
1438867556538;.000000;.000440
1438867556578;.000000;.000127
1438867556619;.000000;.000108
1438867556659;.000000;.000091
1438867556699;.000000;.000492
1438867556739;.000000;.000479
1438867556780;.000000;.000092
1438867556819;.000000;.000487
1438867556859;.000000;.000474
1438867556898;.000000;.000463
1438867556939;.000000;.000452
1438867556977;.000000;.000442
1438867557019;.000000;.000118
1438867557059;.000000;.000454
